  main.cpp
C:\Users\Vasilije\Documents\Vasa\Asistent\Ponedeljko\W7\V7\main.cpp(56,17): warning C4244: '=': conversion from 'double' to 'float', possible loss of data
C:\Users\Vasilije\Documents\Vasa\Asistent\Ponedeljko\W7\V7\main.cpp(57,17): warning C4244: '=': conversion from 'double' to 'float', possible loss of data
C:\Users\Vasilije\Documents\Vasa\Asistent\Ponedeljko\W7\V7\main.cpp(61,19): warning C4244: 'initializing': conversion from 'double' to 'float', possible loss of data
C:\Users\Vasilije\Documents\Vasa\Asistent\Ponedeljko\W7\V7\main.cpp(62,19): warning C4244: 'initializing': conversion from 'double' to 'float', possible loss of data
C:\Users\Vasilije\Documents\Vasa\Asistent\Ponedeljko\W7\V7\main.cpp(63,13): warning C4244: '=': conversion from 'double' to 'float', possible loss of data
C:\Users\Vasilije\Documents\Vasa\Asistent\Ponedeljko\W7\V7\main.cpp(64,13): warning C4244: '=': conversion from 'double' to 'float', possible loss of data
C:\Users\Vasilije\Documents\Vasa\Asistent\Ponedeljko\W7\V7\main.cpp(153,9): warning C4305: 'initializing': truncation from 'double' to 'float'
C:\Users\Vasilije\Documents\Vasa\Asistent\Ponedeljko\W7\V7\main.cpp(153,14): warning C4305: 'initializing': truncation from 'double' to 'float'
C:\Users\Vasilije\Documents\Vasa\Asistent\Ponedeljko\W7\V7\main.cpp(153,19): warning C4305: 'initializing': truncation from 'double' to 'float'
C:\Users\Vasilije\Documents\Vasa\Asistent\Ponedeljko\W7\V7\main.cpp(154,8): warning C4305: 'initializing': truncation from 'double' to 'float'
C:\Users\Vasilije\Documents\Vasa\Asistent\Ponedeljko\W7\V7\main.cpp(154,14): warning C4305: 'initializing': truncation from 'double' to 'float'
C:\Users\Vasilije\Documents\Vasa\Asistent\Ponedeljko\W7\V7\main.cpp(154,19): warning C4305: 'initializing': truncation from 'double' to 'float'
C:\Users\Vasilije\Documents\Vasa\Asistent\Ponedeljko\W7\V7\main.cpp(155,8): warning C4305: 'initializing': truncation from 'double' to 'float'
C:\Users\Vasilije\Documents\Vasa\Asistent\Ponedeljko\W7\V7\main.cpp(155,13): warning C4305: 'initializing': truncation from 'double' to 'float'
C:\Users\Vasilije\Documents\Vasa\Asistent\Ponedeljko\W7\V7\main.cpp(155,19): warning C4305: 'initializing': truncation from 'double' to 'float'
C:\Users\Vasilije\Documents\Vasa\Asistent\Ponedeljko\W7\V7\main.cpp(156,9): warning C4305: 'initializing': truncation from 'double' to 'float'
C:\Users\Vasilije\Documents\Vasa\Asistent\Ponedeljko\W7\V7\main.cpp(156,13): warning C4305: 'initializing': truncation from 'double' to 'float'
C:\Users\Vasilije\Documents\Vasa\Asistent\Ponedeljko\W7\V7\main.cpp(156,19): warning C4305: 'initializing': truncation from 'double' to 'float'
C:\Users\Vasilije\Documents\Vasa\Asistent\Ponedeljko\W7\V7\main.cpp(159,8): warning C4305: 'initializing': truncation from 'double' to 'float'
C:\Users\Vasilije\Documents\Vasa\Asistent\Ponedeljko\W7\V7\main.cpp(159,14): warning C4305: 'initializing': truncation from 'double' to 'float'
C:\Users\Vasilije\Documents\Vasa\Asistent\Ponedeljko\W7\V7\main.cpp(159,19): warning C4305: 'initializing': truncation from 'double' to 'float'
C:\Users\Vasilije\Documents\Vasa\Asistent\Ponedeljko\W7\V7\main.cpp(160,8): warning C4305: 'initializing': truncation from 'double' to 'float'
C:\Users\Vasilije\Documents\Vasa\Asistent\Ponedeljko\W7\V7\main.cpp(160,14): warning C4305: 'initializing': truncation from 'double' to 'float'
C:\Users\Vasilije\Documents\Vasa\Asistent\Ponedeljko\W7\V7\main.cpp(160,18): warning C4305: 'initializing': truncation from 'double' to 'float'
C:\Users\Vasilije\Documents\Vasa\Asistent\Ponedeljko\W7\V7\main.cpp(161,8): warning C4305: 'initializing': truncation from 'double' to 'float'
C:\Users\Vasilije\Documents\Vasa\Asistent\Ponedeljko\W7\V7\main.cpp(161,13): warning C4305: 'initializing': truncation from 'double' to 'float'
C:\Users\Vasilije\Documents\Vasa\Asistent\Ponedeljko\W7\V7\main.cpp(161,18): warning C4305: 'initializing': truncation from 'double' to 'float'
C:\Users\Vasilije\Documents\Vasa\Asistent\Ponedeljko\W7\V7\main.cpp(162,8): warning C4305: 'initializing': truncation from 'double' to 'float'
C:\Users\Vasilije\Documents\Vasa\Asistent\Ponedeljko\W7\V7\main.cpp(162,13): warning C4305: 'initializing': truncation from 'double' to 'float'
C:\Users\Vasilije\Documents\Vasa\Asistent\Ponedeljko\W7\V7\main.cpp(162,19): warning C4305: 'initializing': truncation from 'double' to 'float'
C:\Users\Vasilije\Documents\Vasa\Asistent\Ponedeljko\W7\V7\main.cpp(165,9): warning C4305: 'initializing': truncation from 'double' to 'float'
C:\Users\Vasilije\Documents\Vasa\Asistent\Ponedeljko\W7\V7\main.cpp(165,13): warning C4305: 'initializing': truncation from 'double' to 'float'
C:\Users\Vasilije\Documents\Vasa\Asistent\Ponedeljko\W7\V7\main.cpp(165,19): warning C4305: 'initializing': truncation from 'double' to 'float'
C:\Users\Vasilije\Documents\Vasa\Asistent\Ponedeljko\W7\V7\main.cpp(166,8): warning C4305: 'initializing': truncation from 'double' to 'float'
C:\Users\Vasilije\Documents\Vasa\Asistent\Ponedeljko\W7\V7\main.cpp(166,13): warning C4305: 'initializing': truncation from 'double' to 'float'
C:\Users\Vasilije\Documents\Vasa\Asistent\Ponedeljko\W7\V7\main.cpp(166,19): warning C4305: 'initializing': truncation from 'double' to 'float'
C:\Users\Vasilije\Documents\Vasa\Asistent\Ponedeljko\W7\V7\main.cpp(167,8): warning C4305: 'initializing': truncation from 'double' to 'float'
C:\Users\Vasilije\Documents\Vasa\Asistent\Ponedeljko\W7\V7\main.cpp(167,13): warning C4305: 'initializing': truncation from 'double' to 'float'
C:\Users\Vasilije\Documents\Vasa\Asistent\Ponedeljko\W7\V7\main.cpp(167,18): warning C4305: 'initializing': truncation from 'double' to 'float'
C:\Users\Vasilije\Documents\Vasa\Asistent\Ponedeljko\W7\V7\main.cpp(168,9): warning C4305: 'initializing': truncation from 'double' to 'float'
C:\Users\Vasilije\Documents\Vasa\Asistent\Ponedeljko\W7\V7\main.cpp(168,13): warning C4305: 'initializing': truncation from 'double' to 'float'
C:\Users\Vasilije\Documents\Vasa\Asistent\Ponedeljko\W7\V7\main.cpp(168,18): warning C4305: 'initializing': truncation from 'double' to 'float'
C:\Users\Vasilije\Documents\Vasa\Asistent\Ponedeljko\W7\V7\main.cpp(171,9): warning C4305: 'initializing': truncation from 'double' to 'float'
C:\Users\Vasilije\Documents\Vasa\Asistent\Ponedeljko\W7\V7\main.cpp(171,14): warning C4305: 'initializing': truncation from 'double' to 'float'
C:\Users\Vasilije\Documents\Vasa\Asistent\Ponedeljko\W7\V7\main.cpp(171,19): warning C4305: 'initializing': truncation from 'double' to 'float'
C:\Users\Vasilije\Documents\Vasa\Asistent\Ponedeljko\W7\V7\main.cpp(172,9): warning C4305: 'initializing': truncation from 'double' to 'float'
C:\Users\Vasilije\Documents\Vasa\Asistent\Ponedeljko\W7\V7\main.cpp(172,14): warning C4305: 'initializing': truncation from 'double' to 'float'
C:\Users\Vasilije\Documents\Vasa\Asistent\Ponedeljko\W7\V7\main.cpp(172,18): warning C4305: 'initializing': truncation from 'double' to 'float'
C:\Users\Vasilije\Documents\Vasa\Asistent\Ponedeljko\W7\V7\main.cpp(173,8): warning C4305: 'initializing': truncation from 'double' to 'float'
C:\Users\Vasilije\Documents\Vasa\Asistent\Ponedeljko\W7\V7\main.cpp(173,14): warning C4305: 'initializing': truncation from 'double' to 'float'
C:\Users\Vasilije\Documents\Vasa\Asistent\Ponedeljko\W7\V7\main.cpp(173,18): warning C4305: 'initializing': truncation from 'double' to 'float'
C:\Users\Vasilije\Documents\Vasa\Asistent\Ponedeljko\W7\V7\main.cpp(174,8): warning C4305: 'initializing': truncation from 'double' to 'float'
C:\Users\Vasilije\Documents\Vasa\Asistent\Ponedeljko\W7\V7\main.cpp(174,14): warning C4305: 'initializing': truncation from 'double' to 'float'
C:\Users\Vasilije\Documents\Vasa\Asistent\Ponedeljko\W7\V7\main.cpp(174,19): warning C4305: 'initializing': truncation from 'double' to 'float'
C:\Users\Vasilije\Documents\Vasa\Asistent\Ponedeljko\W7\V7\main.cpp(177,9): warning C4305: 'initializing': truncation from 'double' to 'float'
C:\Users\Vasilije\Documents\Vasa\Asistent\Ponedeljko\W7\V7\main.cpp(177,14): warning C4305: 'initializing': truncation from 'double' to 'float'
C:\Users\Vasilije\Documents\Vasa\Asistent\Ponedeljko\W7\V7\main.cpp(177,19): warning C4305: 'initializing': truncation from 'double' to 'float'
C:\Users\Vasilije\Documents\Vasa\Asistent\Ponedeljko\W7\V7\main.cpp(178,9): warning C4305: 'initializing': truncation from 'double' to 'float'
C:\Users\Vasilije\Documents\Vasa\Asistent\Ponedeljko\W7\V7\main.cpp(178,13): warning C4305: 'initializing': truncation from 'double' to 'float'
C:\Users\Vasilije\Documents\Vasa\Asistent\Ponedeljko\W7\V7\main.cpp(178,19): warning C4305: 'initializing': truncation from 'double' to 'float'
C:\Users\Vasilije\Documents\Vasa\Asistent\Ponedeljko\W7\V7\main.cpp(179,9): warning C4305: 'initializing': truncation from 'double' to 'float'
C:\Users\Vasilije\Documents\Vasa\Asistent\Ponedeljko\W7\V7\main.cpp(179,13): warning C4305: 'initializing': truncation from 'double' to 'float'
C:\Users\Vasilije\Documents\Vasa\Asistent\Ponedeljko\W7\V7\main.cpp(179,18): warning C4305: 'initializing': truncation from 'double' to 'float'
C:\Users\Vasilije\Documents\Vasa\Asistent\Ponedeljko\W7\V7\main.cpp(180,9): warning C4305: 'initializing': truncation from 'double' to 'float'
C:\Users\Vasilije\Documents\Vasa\Asistent\Ponedeljko\W7\V7\main.cpp(180,14): warning C4305: 'initializing': truncation from 'double' to 'float'
C:\Users\Vasilije\Documents\Vasa\Asistent\Ponedeljko\W7\V7\main.cpp(180,18): warning C4305: 'initializing': truncation from 'double' to 'float'
C:\Users\Vasilije\Documents\Vasa\Asistent\Ponedeljko\W7\V7\main.cpp(183,9): warning C4305: 'initializing': truncation from 'double' to 'float'
C:\Users\Vasilije\Documents\Vasa\Asistent\Ponedeljko\W7\V7\main.cpp(183,14): warning C4305: 'initializing': truncation from 'double' to 'float'
C:\Users\Vasilije\Documents\Vasa\Asistent\Ponedeljko\W7\V7\main.cpp(183,18): warning C4305: 'initializing': truncation from 'double' to 'float'
C:\Users\Vasilije\Documents\Vasa\Asistent\Ponedeljko\W7\V7\main.cpp(184,9): warning C4305: 'initializing': truncation from 'double' to 'float'
C:\Users\Vasilije\Documents\Vasa\Asistent\Ponedeljko\W7\V7\main.cpp(184,13): warning C4305: 'initializing': truncation from 'double' to 'float'
C:\Users\Vasilije\Documents\Vasa\Asistent\Ponedeljko\W7\V7\main.cpp(184,18): warning C4305: 'initializing': truncation from 'double' to 'float'
C:\Users\Vasilije\Documents\Vasa\Asistent\Ponedeljko\W7\V7\main.cpp(185,8): warning C4305: 'initializing': truncation from 'double' to 'float'
C:\Users\Vasilije\Documents\Vasa\Asistent\Ponedeljko\W7\V7\main.cpp(185,13): warning C4305: 'initializing': truncation from 'double' to 'float'
C:\Users\Vasilije\Documents\Vasa\Asistent\Ponedeljko\W7\V7\main.cpp(185,18): warning C4305: 'initializing': truncation from 'double' to 'float'
C:\Users\Vasilije\Documents\Vasa\Asistent\Ponedeljko\W7\V7\main.cpp(186,8): warning C4305: 'initializing': truncation from 'double' to 'float'
C:\Users\Vasilije\Documents\Vasa\Asistent\Ponedeljko\W7\V7\main.cpp(186,14): warning C4305: 'initializing': truncation from 'double' to 'float'
C:\Users\Vasilije\Documents\Vasa\Asistent\Ponedeljko\W7\V7\main.cpp(186,18): warning C4305: 'initializing': truncation from 'double' to 'float'
  Sablon.vcxproj -> C:\Users\Vasilije\Documents\Vasa\Asistent\Ponedeljko\W7\V7\x64\Debug\Sablon.exe
